<?xml version="1.0" encoding="UTF-8"?>
<!-- Generated by org.testng.reporters.JUnitReportReporter -->
<testsuite hostname="Yogesh" failures="0" tests="1" name="scripts.LogIn_By_Excel" time="1.501" errors="0" timestamp="2023-04-04T20:26:40 IST" skipped="0">
  <testcase classname="scripts.LogIn_By_Excel" name="loginTestCasesFive" time="1.501"/>
  <system-out/>
</testsuite> <!-- scripts.LogIn_By_Excel -->
