<?xml version="1.0" encoding="UTF-8"?>
<!-- Generated by org.testng.reporters.JUnitReportReporter -->
<testsuite hostname="Yogesh" failures="0" tests="1" name="scripts.HomePage" time="17.165" errors="0" timestamp="2023-03-21T17:55:25 IST" skipped="0">
  <testcase classname="scripts.HomePage" name="timeSheet" time="17.165"/>
  <system-out/>
</testsuite> <!-- scripts.HomePage -->
