<?xml version="1.0" encoding="UTF-8"?>
<!-- Generated by org.testng.reporters.JUnitReportReporter -->
<testsuite hostname="Yogesh" failures="0" tests="1" name="scripts.CompanyInfo" time="5.269" errors="0" timestamp="2023-03-09T16:58:22 IST" skipped="0">
  <testcase classname="scripts.CompanyInfo" name="companyProperty" time="5.269"/>
  <system-out/>
</testsuite> <!-- scripts.CompanyInfo -->
