<?xml version="1.0" encoding="UTF-8"?>
<!-- Generated by org.testng.reporters.JUnitReportReporter -->
<testsuite hostname="Yogesh" failures="0" tests="2" name="scripts.Qualification" time="11.161" errors="0" timestamp="2023-03-09T18:50:10 IST" skipped="0">
  <testcase classname="scripts.Qualification" name="licenses" time="4.907"/>
  <system-out/>
  <testcase classname="scripts.Qualification" name="education" time="6.254"/>
  <system-out/>
</testsuite> <!-- scripts.Qualification -->
