<?xml version="1.0" encoding="UTF-8"?>
<!-- Generated by org.testng.reporters.JUnitReportReporter -->
<testsuite hostname="Yogesh" failures="0" tests="1" name="scripts.Performance" time="5.427" errors="0" timestamp="2023-03-18T11:18:41 IST" skipped="0">
  <testcase classname="scripts.Performance" name="addPerformanceReview" time="5.427"/>
  <system-out/>
</testsuite> <!-- scripts.Performance -->
